<testsuites><testsuite package="HazelTests" id="0" name="HazelTests" timestamp="2025-06-16T18:41:33" hostname="localhost" tests="3" failures="0" errors="0" skipped="0" time="0"><properties></properties><testcase name="Empty Patches" classname="HazelTests.Grove" time="0"></testcase><testcase name="Simple add comm" classname="HazelTests.Grove" time="0"></testcase><testcase name="Simple add/delete comm" classname="HazelTests.Grove" time="0"></testcase></testsuite></testsuites>
